  pch.cpp
  Challenge.cpp
  Number0.cpp
  Number1.cpp
  Number10.cpp
  Number13.cpp
  Number2.cpp
  Number3.cpp
  Number4.cpp
  Number5.cpp
  Number6.cpp
C:\Users\James Li\source\repos\Challenge\Challenge\Number6.cpp(27,27): warning C4267: 'initializing': conversion from 'size_t' to 'int', possible loss of data
  Number7.cpp
C:\Users\James Li\source\repos\Challenge\Challenge\Number7.cpp(15,10): warning C4244: 'return': conversion from '__int64' to 'int', possible loss of data
C:\Users\James Li\source\repos\Challenge\Challenge\Number7.cpp(46,19): warning C4267: '=': conversion from 'size_t' to 'unsigned int', possible loss of data
C:\Users\James Li\source\repos\Challenge\Challenge\Number7.cpp(47,22): warning C4267: '=': conversion from 'size_t' to 'unsigned int', possible loss of data
C:\Users\James Li\source\repos\Challenge\Challenge\Number7.cpp(69,34): warning C4018: '>': signed/unsigned mismatch
C:\Users\James Li\source\repos\Challenge\Challenge\Number7.cpp(74,34): warning C4018: '>': signed/unsigned mismatch
C:\Users\James Li\source\repos\Challenge\Challenge\Number7.cpp(79,34): warning C4018: '<': signed/unsigned mismatch
C:\Users\James Li\source\repos\Challenge\Challenge\Number7.cpp(84,34): warning C4018: '<': signed/unsigned mismatch
  Number9.cpp
C:\Users\James Li\source\repos\Challenge\Challenge\Number9.cpp(58,18): warning C4244: 'initializing': conversion from 'ull' to 'ui', possible loss of data
C:\Users\James Li\source\repos\Challenge\Challenge\Number9.cpp(72,28): warning C4244: '=': conversion from 'ull' to 'ui', possible loss of data
C:\Users\James Li\source\repos\Challenge\Challenge\Number9.cpp(77,9): warning C4244: 'return': conversion from 'ull' to 'int', possible loss of data
  Generating Code...
C:\Users\James Li\source\repos\Challenge\Challenge\Number7.cpp(9): warning C4172: returning address of local variable or temporary: result
C:\Users\James Li\source\repos\Challenge\Challenge\Number13.cpp(84): warning C4172: returning address of local variable or temporary: max
  Einkaufsliste.cpp
  Number8.cpp
C:\Users\James Li\source\repos\Challenge\Challenge\Number8.cpp(24,24): warning C4244: 'initializing': conversion from 'double' to 'int', possible loss of data
C:\Users\James Li\source\repos\Challenge\Challenge\Number8.cpp(26,17): warning C4244: '=': conversion from '__int64' to 'int', possible loss of data
C:\Users\James Li\source\repos\Challenge\Challenge\Number8.cpp(28,19): warning C4244: 'return': conversion from '__int64' to 'int', possible loss of data
C:\Users\James Li\source\repos\Challenge\Challenge\Number8.cpp(67,2): warning C4834: discarding return value of function with 'nodiscard' attribute
  Urlaub.cpp
  Generating Code...
  Number11.c
  Number12.c
  Generating Code...
  Challenge.vcxproj -> C:\Users\James Li\source\repos\Challenge\x64\Debug\Challenge.exe
